[2024-09-30 11:51:12] #amin : noxea envoier un message.
[2024-09-30 11:53:21] Le client noxe tente de rejoindre le canal #amin avec la clé ''.
[2024-09-30 11:53:21] Le canal #amin n'existe pas. Création du canal.
[2024-09-30 11:53:21]  Creation au canal #amin
[2024-09-30 11:53:21] #amin : noxe a ressuit a ce connecter
[2024-09-30 11:53:21] Le chanel join :#amin avec sucess
[2024-09-30 11:53:21] Le client noxe a rejoint le canal #amin.
[2024-09-30 11:53:21] Message JOIN diffusé sur le canal #amin.
[2024-09-30 11:53:21] Aucun sujet défini pour le canal #amin.
[2024-09-30 11:53:21] Liste des utilisateurs du canal #amin envoyée au client noxe.
[2024-09-30 11:53:38] #amin : noxea envoier un message.
[2024-09-30 11:54:24] #amin : noxea envoier un message.
[2024-09-30 12:15:53] Le client noxe tente de rejoindre le canal #hera avec la clé ''.
[2024-09-30 12:15:53] Le canal #hera n'existe pas. Création du canal.
[2024-09-30 12:15:53]  Creation au canal #hera
[2024-09-30 12:15:53] #hera : noxe a ressuit a ce connecter
[2024-09-30 12:15:53] Le chanel join :#hera avec sucess
[2024-09-30 12:15:53] Le client noxe a rejoint le canal #hera.
[2024-09-30 12:15:53] Message JOIN diffusé sur le canal #hera.
[2024-09-30 12:15:53] Aucun sujet défini pour le canal #hera.
[2024-09-30 12:15:53] Liste des utilisateurs du canal #hera envoyée au client noxe.
[2024-09-30 12:16:54] #hera : noxea envoier un message.
[2024-09-30 12:18:15] Le client amin tente de rejoindre le canal #hera avec la clé ''.
[2024-09-30 12:18:15] #hera : amin a ressuit a ce connecter
[2024-09-30 12:18:15] Le chanel join :#hera avec sucess
[2024-09-30 12:18:15] Le client amin a rejoint le canal #hera.
[2024-09-30 12:18:15] Message JOIN diffusé sur le canal #hera.
[2024-09-30 12:18:15] Aucun sujet défini pour le canal #hera.
[2024-09-30 12:18:15] Liste des utilisateurs du canal #hera envoyée au client amin.
[2024-09-30 12:21:04] #hera : noxea envoier un message.
[2024-09-30 12:21:10] #hera : amina envoier un message.
[2024-09-30 12:21:58] Le client noxe tente de rejoindre le canal #hera avec la clé ''.
[2024-09-30 12:21:58] Le canal #hera n'existe pas. Création du canal.
[2024-09-30 12:21:58]  Creation au canal #hera
[2024-09-30 12:21:58] #hera : noxe a ressuit a ce connecter
[2024-09-30 12:21:58] Le chanel join :#hera avec sucess
[2024-09-30 12:21:58] Le client noxe a rejoint le canal #hera.
[2024-09-30 12:21:58] Message JOIN diffusé sur le canal #hera.
[2024-09-30 12:21:58] Aucun sujet défini pour le canal #hera.
[2024-09-30 12:21:58] Liste des utilisateurs du canal #hera envoyée au client noxe.
[2024-09-30 12:22:07] #hera : noxea envoier un message.
[2024-09-30 12:24:36] #hera : noxea envoier un message.
[2024-09-30 12:29:24] Le client noxe_1 tente de rejoindre le canal #hera avec la clé ''.
[2024-09-30 12:29:24] Le canal #hera n'existe pas. Création du canal.
[2024-09-30 12:29:24]  Creation au canal #hera
[2024-09-30 12:29:24] #hera : noxe_1 a ressuit a ce connecter
[2024-09-30 12:29:24] Le chanel join :#hera avec sucess
[2024-09-30 12:29:24] Le client noxe_1 a rejoint le canal #hera.
[2024-09-30 12:29:24] Message JOIN diffusé sur le canal #hera.
[2024-09-30 12:29:24] Aucun sujet défini pour le canal #hera.
[2024-09-30 12:29:24] Liste des utilisateurs du canal #hera envoyée au client noxe_1.
[2024-09-30 12:29:30] #hera : noxe_1a envoier un message.
[2024-09-30 12:38:48] Le client noxe_4 tente de rejoindre le canal #amin avec la clé ''.
[2024-09-30 12:38:48] Le canal #amin n'existe pas. Création du canal.
[2024-09-30 12:38:48]  Creation au canal #amin
[2024-09-30 12:38:48] #amin : noxe_4 a ressuit a ce connecter
[2024-09-30 12:38:48] Le chanel join :#amin avec sucess
[2024-09-30 12:38:48] Le client noxe_4 a rejoint le canal #amin.
[2024-09-30 12:38:48] Message JOIN diffusé sur le canal #amin.
[2024-09-30 12:38:48] Aucun sujet défini pour le canal #amin.
[2024-09-30 12:38:48] Liste des utilisateurs du canal #amin envoyée au client noxe_4.
[2024-09-30 12:39:09] #amin : noxe_4a envoier un message.
[2024-09-30 12:43:09] Le client noxe tente de rejoindre le canal #hera avec la clé ''.
[2024-09-30 12:43:09] Le canal #hera n'existe pas. Création du canal.
[2024-09-30 12:43:09]  Creation au canal #hera
[2024-09-30 12:43:09] #hera : noxe a ressuit a ce connecter
[2024-09-30 12:43:09] Le chanel join :#hera avec sucess
[2024-09-30 12:43:09] Le client noxe a rejoint le canal #hera.
[2024-09-30 12:43:09] Message JOIN diffusé sur le canal #hera.
[2024-09-30 12:43:09] Aucun sujet défini pour le canal #hera.
[2024-09-30 12:43:09] Liste des utilisateurs du canal #hera envoyée au client noxe.
[2024-09-30 12:43:39] #hera : noxea envoier un message.
[2024-09-30 12:43:41] Le client noxe_5 tente de rejoindre le canal #amin avec la clé ''.
[2024-09-30 12:43:41] Le canal #amin n'existe pas. Création du canal.
[2024-09-30 12:43:41]  Creation au canal #amin
[2024-09-30 12:43:41] #amin : noxe_5 a ressuit a ce connecter
[2024-09-30 12:43:41] Le chanel join :#amin avec sucess
[2024-09-30 12:43:41] Le client noxe_5 a rejoint le canal #amin.
[2024-09-30 12:43:41] Message JOIN diffusé sur le canal #amin.
[2024-09-30 12:43:41] Aucun sujet défini pour le canal #amin.
[2024-09-30 12:43:41] Liste des utilisateurs du canal #amin envoyée au client noxe_5.
[2024-09-30 12:46:01] #amin : noxe_5a envoier un message.
[2024-09-30 12:46:20] #amin : noxe_5a envoier un message.
[2024-09-30 12:46:38] Le client noxe_1 tente de rejoindre le canal #hera avec la clé ''.
[2024-09-30 12:46:38] #hera : noxe_1 a ressuit a ce connecter
[2024-09-30 12:46:38] Le chanel join :#hera avec sucess
[2024-09-30 12:46:38] Le client noxe_1 a rejoint le canal #hera.
[2024-09-30 12:46:38] Message JOIN diffusé sur le canal #hera.
[2024-09-30 12:46:38] Aucun sujet défini pour le canal #hera.
[2024-09-30 12:46:38] Liste des utilisateurs du canal #hera envoyée au client noxe_1.
[2024-09-30 12:54:01] Le client noxe tente de rejoindre le canal #hera avec la clé ''.
[2024-09-30 12:54:01] Le canal #hera n'existe pas. Création du canal.
[2024-09-30 12:54:01]  Creation au canal #hera
[2024-09-30 12:54:01] #hera : noxe a ressuit a ce connecter
[2024-09-30 12:54:01] Le chanel join :#hera avec sucess
[2024-09-30 12:54:01] Le client noxe a rejoint le canal #hera.
[2024-09-30 12:54:01] Message JOIN diffusé sur le canal #hera.
[2024-09-30 12:54:01] Aucun sujet défini pour le canal #hera.
[2024-09-30 12:54:01] Liste des utilisateurs du canal #hera envoyée au client noxe.
[2024-09-30 12:54:09] #hera : noxea envoier un message.
[2024-09-30 12:57:23] Le client noxe tente de rejoindre le canal #hera avec la clé 'l'.
[2024-09-30 12:57:23] Le canal #hera n'existe pas. Création du canal.
[2024-09-30 12:57:23]  Creation au canal #hera
[2024-09-30 12:57:23] #hera : noxe a ressuit a ce connecter
[2024-09-30 12:57:23] Le chanel join :#hera avec sucess
[2024-09-30 12:57:23] Le client noxe a rejoint le canal #hera.
[2024-09-30 12:57:23] Message JOIN diffusé sur le canal #hera.
[2024-09-30 12:57:23] Aucun sujet défini pour le canal #hera.
[2024-09-30 12:57:23] Liste des utilisateurs du canal #hera envoyée au client noxe.
[2024-09-30 12:57:45] Le client noxe_1 tente de rejoindre le canal #hera avec la clé ''.
[2024-09-30 12:57:45] #hera : noxe_1 a ressuit a ce connecter
[2024-09-30 12:57:45] Le chanel join :#hera avec sucess
[2024-09-30 12:57:45] Le client noxe_1 a rejoint le canal #hera.
[2024-09-30 12:57:45] Message JOIN diffusé sur le canal #hera.
[2024-09-30 12:57:45] Aucun sujet défini pour le canal #hera.
[2024-09-30 12:57:45] Liste des utilisateurs du canal #hera envoyée au client noxe_1.
[2024-09-30 12:57:45] Le client noxe_6 tente de rejoindre le canal #hera avec la clé ''.
[2024-09-30 12:57:45] #hera : noxe_6 a ressuit a ce connecter
[2024-09-30 12:57:45] Le chanel join :#hera avec sucess
[2024-09-30 12:57:45] Le client noxe_6 a rejoint le canal #hera.
[2024-09-30 12:57:45] Message JOIN diffusé sur le canal #hera.
[2024-09-30 12:57:45] Aucun sujet défini pour le canal #hera.
[2024-09-30 12:57:45] Liste des utilisateurs du canal #hera envoyée au client noxe_6.
[2024-09-30 12:58:09] #hera : noxea envoier un message.
[2024-09-30 12:58:09] #hera : noxe_6a envoier un message.
[2024-09-30 12:58:15] #hera : noxe_1a envoier un message.
[2024-09-30 12:58:45] Le client noxe tente de rejoindre le canal #hera avec la clé ''.
[2024-09-30 12:58:45] Le canal #hera n'existe pas. Création du canal.
[2024-09-30 12:58:45]  Creation au canal #hera
[2024-09-30 12:58:45] #hera : noxe a ressuit a ce connecter
[2024-09-30 12:58:45] Le chanel join :#hera avec sucess
[2024-09-30 12:58:45] Le client noxe a rejoint le canal #hera.
[2024-09-30 12:58:45] Message JOIN diffusé sur le canal #hera.
[2024-09-30 12:58:45] Aucun sujet défini pour le canal #hera.
[2024-09-30 12:58:45] Liste des utilisateurs du canal #hera envoyée au client noxe.
[2024-09-30 12:58:58] #hera : noxea envoier un message.
[2024-09-30 13:01:18] Le client noxe tente de rejoindre le canal #hera avec la clé ''.
[2024-09-30 13:01:18] Le canal #hera n'existe pas. Création du canal.
[2024-09-30 13:01:18]  Creation au canal #hera
[2024-09-30 13:01:18] #hera : noxe a ressuit a ce connecter
[2024-09-30 13:01:18] Le chanel join :#hera avec sucess
[2024-09-30 13:01:18] Le client noxe a rejoint le canal #hera.
[2024-09-30 13:01:18] Message JOIN diffusé sur le canal #hera.
[2024-09-30 13:01:18] Aucun sujet défini pour le canal #hera.
[2024-09-30 13:01:18] Liste des utilisateurs du canal #hera envoyée au client noxe.
[2024-09-30 13:01:23] #hera : noxea envoier un message.
[2024-09-30 13:03:47] Le client noxe tente de rejoindre le canal #hera avec la clé ''.
[2024-09-30 13:03:47] Le canal #hera n'existe pas. Création du canal.
[2024-09-30 13:03:47]  Creation au canal #hera
[2024-09-30 13:03:47] #hera : noxe a ressuit a ce connecter
[2024-09-30 13:03:47] Le chanel join :#hera avec sucess
[2024-09-30 13:03:47] Le client noxe a rejoint le canal #hera.
[2024-09-30 13:03:47] Message JOIN diffusé sur le canal #hera.
[2024-09-30 13:03:47] Aucun sujet défini pour le canal #hera.
[2024-09-30 13:03:47] Liste des utilisateurs du canal #hera envoyée au client noxe.
[2024-09-30 13:03:52] #hera : noxea envoier un message.
[2024-09-30 13:06:10] Le client noxe_1 tente de rejoindre le canal #hera avec la clé ''.
[2024-09-30 13:06:10] #hera : noxe_1 a ressuit a ce connecter
[2024-09-30 13:06:10] Le chanel join :#hera avec sucess
[2024-09-30 13:06:10] Le client noxe_1 a rejoint le canal #hera.
[2024-09-30 13:06:10] Message JOIN diffusé sur le canal #hera.
[2024-09-30 13:06:10] Aucun sujet défini pour le canal #hera.
[2024-09-30 13:06:10] Liste des utilisateurs du canal #hera envoyée au client noxe_1.
[2024-09-30 13:08:34] Le client noxe tente de rejoindre le canal #hera avec la clé ''.
[2024-09-30 13:08:34] Le canal #hera n'existe pas. Création du canal.
[2024-09-30 13:08:34]  Creation au canal #hera
[2024-09-30 13:08:34] #hera : noxe a ressuit a ce connecter
[2024-09-30 13:08:34] Le chanel join :#hera avec sucess
[2024-09-30 13:08:34] Le client noxe a rejoint le canal #hera.
[2024-09-30 13:08:34] Message JOIN diffusé sur le canal #hera.
[2024-09-30 13:08:34] Aucun sujet défini pour le canal #hera.
[2024-09-30 13:08:34] Liste des utilisateurs du canal #hera envoyée au client noxe.
[2024-09-30 13:08:36] Le client noxe_1 tente de rejoindre le canal #hera avec la clé ''.
[2024-09-30 13:08:36] #hera : noxe_1 a ressuit a ce connecter
[2024-09-30 13:08:36] Le chanel join :#hera avec sucess
[2024-09-30 13:08:36] Le client noxe_1 a rejoint le canal #hera.
[2024-09-30 13:08:36] Message JOIN diffusé sur le canal #hera.
[2024-09-30 13:08:36] Aucun sujet défini pour le canal #hera.
[2024-09-30 13:08:36] Liste des utilisateurs du canal #hera envoyée au client noxe_1.
[2024-09-30 13:08:44] Le client noxe_2 tente de rejoindre le canal #hera avec la clé ''.
[2024-09-30 13:08:44] #hera : noxe_2 a ressuit a ce connecter
[2024-09-30 13:08:44] Le chanel join :#hera avec sucess
[2024-09-30 13:08:44] Le client noxe_2 a rejoint le canal #hera.
[2024-09-30 13:08:44] Message JOIN diffusé sur le canal #hera.
[2024-09-30 13:08:44] Aucun sujet défini pour le canal #hera.
[2024-09-30 13:08:44] Liste des utilisateurs du canal #hera envoyée au client noxe_2.
[2024-09-30 13:08:51] #hera : noxea envoier un message.
[2024-09-30 13:09:01] #hera : noxea envoier un message.
[2024-09-30 13:09:06] #hera : noxe_2a envoier un message.
[2024-09-30 13:09:08] #hera : noxe_1a envoier un message.
[2024-09-30 13:10:10] Le client noxe tente de rejoindre le canal #hera avec la clé ''.
[2024-09-30 13:10:10] Le canal #hera n'existe pas. Création du canal.
[2024-09-30 13:10:10]  Creation au canal #hera
[2024-09-30 13:10:10] #hera : noxe a ressuit a ce connecter
[2024-09-30 13:10:10] Le chanel join :#hera avec sucess
[2024-09-30 13:10:10] Le client noxe a rejoint le canal #hera.
[2024-09-30 13:10:10] Message JOIN diffusé sur le canal #hera.
[2024-09-30 13:10:10] Aucun sujet défini pour le canal #hera.
[2024-09-30 13:10:10] Liste des utilisateurs du canal #hera envoyée au client noxe.
[2024-09-30 13:10:13] #hera : noxea envoier un message.
[2024-09-30 13:11:10] Le client noxe_3 tente de rejoindre le canal #hera avec la clé ''.
[2024-09-30 13:11:10] #hera : noxe_3 a ressuit a ce connecter
[2024-09-30 13:11:10] Le chanel join :#hera avec sucess
[2024-09-30 13:11:10] Le client noxe_3 a rejoint le canal #hera.
[2024-09-30 13:11:10] Message JOIN diffusé sur le canal #hera.
[2024-09-30 13:11:10] Aucun sujet défini pour le canal #hera.
[2024-09-30 13:11:10] Liste des utilisateurs du canal #hera envoyée au client noxe_3.
[2024-09-30 13:12:59] Le client noxe tente de rejoindre le canal #hera avec la clé ''.
[2024-09-30 13:12:59] Le canal #hera n'existe pas. Création du canal.
[2024-09-30 13:12:59]  Creation au canal #hera
[2024-09-30 13:12:59] #hera : noxe a ressuit a ce connecter
[2024-09-30 13:12:59] Le chanel join :#hera avec sucess
[2024-09-30 13:12:59] Le client noxe a rejoint le canal #hera.
[2024-09-30 13:12:59] Message JOIN diffusé sur le canal #hera.
[2024-09-30 13:12:59] Aucun sujet défini pour le canal #hera.
[2024-09-30 13:12:59] Liste des utilisateurs du canal #hera envoyée au client noxe.
[2024-09-30 13:13:30] Le client noxe_1 tente de rejoindre le canal #hera avec la clé ''.
[2024-09-30 13:13:30] #hera : noxe_1 a ressuit a ce connecter
[2024-09-30 13:13:30] Le chanel join :#hera avec sucess
[2024-09-30 13:13:30] Le client noxe_1 a rejoint le canal #hera.
[2024-09-30 13:13:30] Message JOIN diffusé sur le canal #hera.
[2024-09-30 13:13:30] Aucun sujet défini pour le canal #hera.
[2024-09-30 13:13:30] Liste des utilisateurs du canal #hera envoyée au client noxe_1.
[2024-09-30 13:15:29] Le client noxe tente de rejoindre le canal #hera avec la clé ''.
[2024-09-30 13:15:29] Le canal #hera n'existe pas. Création du canal.
[2024-09-30 13:15:29]  Creation au canal #hera
[2024-09-30 13:15:29] #hera : noxe a ressuit a ce connecter
[2024-09-30 13:15:29] Le chanel join :#hera avec sucess
[2024-09-30 13:15:29] Le client noxe a rejoint le canal #hera.
[2024-09-30 13:15:29] Message JOIN diffusé sur le canal #hera.
[2024-09-30 13:15:29] Aucun sujet défini pour le canal #hera.
[2024-09-30 13:15:29] Liste des utilisateurs du canal #hera envoyée au client noxe.
[2024-09-30 13:15:39] #hera : noxea envoier un message.
[2024-09-30 13:16:10] Le client noxe_1 tente de rejoindre le canal #hera avec la clé ''.
[2024-09-30 13:16:10] #hera : noxe_1 a ressuit a ce connecter
[2024-09-30 13:16:10] Le chanel join :#hera avec sucess
[2024-09-30 13:16:10] Le client noxe_1 a rejoint le canal #hera.
[2024-09-30 13:16:10] Message JOIN diffusé sur le canal #hera.
[2024-09-30 13:16:10] Aucun sujet défini pour le canal #hera.
[2024-09-30 13:16:10] Liste des utilisateurs du canal #hera envoyée au client noxe_1.
[2024-09-30 13:16:45] Le client noxe tente de rejoindre le canal #hera avec la clé ''.
[2024-09-30 13:16:45] Le canal #hera n'existe pas. Création du canal.
[2024-09-30 13:16:45]  Creation au canal #hera
[2024-09-30 13:16:45] #hera : noxe a ressuit a ce connecter
[2024-09-30 13:16:45] Le chanel join :#hera avec sucess
[2024-09-30 13:16:45] Le client noxe a rejoint le canal #hera.
[2024-09-30 13:16:45] Message JOIN diffusé sur le canal #hera.
[2024-09-30 13:16:45] Aucun sujet défini pour le canal #hera.
[2024-09-30 13:16:45] Liste des utilisateurs du canal #hera envoyée au client noxe.
[2024-09-30 13:16:50] #hera : noxea envoier un message.
[2024-09-30 13:17:56] Le client noxe tente de rejoindre le canal #hera avec la clé ''.
[2024-09-30 13:17:56] Le canal #hera n'existe pas. Création du canal.
[2024-09-30 13:17:56]  Creation au canal #hera
[2024-09-30 13:17:56] #hera : noxe a ressuit a ce connecter
[2024-09-30 13:17:56] Le chanel join :#hera avec sucess
[2024-09-30 13:17:56] Le client noxe a rejoint le canal #hera.
[2024-09-30 13:17:56] Message JOIN diffusé sur le canal #hera.
[2024-09-30 13:17:56] Aucun sujet défini pour le canal #hera.
[2024-09-30 13:17:56] Liste des utilisateurs du canal #hera envoyée au client noxe.
[2024-09-30 13:18:11] #hera : noxea envoier un message.
[2024-09-30 13:21:10] Le client noxe tente de rejoindre le canal #hera avec la clé ''.
[2024-09-30 13:21:10] Le canal #hera n'existe pas. Création du canal.
[2024-09-30 13:21:10]  Creation au canal #hera
[2024-09-30 13:21:10] #hera : noxe a ressuit a ce connecter
[2024-09-30 13:21:10] Le chanel join :#hera avec sucess
[2024-09-30 13:21:10] Le client noxe a rejoint le canal #hera.
[2024-09-30 13:21:10] Message JOIN diffusé sur le canal #hera.
[2024-09-30 13:21:10] Aucun sujet défini pour le canal #hera.
[2024-09-30 13:21:10] Liste des utilisateurs du canal #hera envoyée au client noxe.
[2024-09-30 13:21:16] #hera : noxea envoier un message.
[2024-09-30 13:21:44] Le client noxe tente de rejoindre le canal #hera avec la clé ''.
[2024-09-30 13:21:44] Le canal #hera n'existe pas. Création du canal.
[2024-09-30 13:21:44]  Creation au canal #hera
[2024-09-30 13:21:44] #hera : noxe a ressuit a ce connecter
[2024-09-30 13:21:44] Le chanel join :#hera avec sucess
[2024-09-30 13:21:44] Le client noxe a rejoint le canal #hera.
[2024-09-30 13:21:44] Message JOIN diffusé sur le canal #hera.
[2024-09-30 13:21:44] Aucun sujet défini pour le canal #hera.
[2024-09-30 13:21:44] Liste des utilisateurs du canal #hera envoyée au client noxe.
[2024-09-30 13:22:01] #hera : noxea envoier un message.
[2024-09-30 13:22:05] #hera : noxea envoier un message.
[2024-09-30 13:24:37] #hera : noxea envoier un message.
[2024-09-30 13:24:41] #hera : noxea envoier un message.
[2024-09-30 13:27:16] #hera : noxea envoier un message.
[2024-09-30 13:27:26] Le client amin tente de rejoindre le canal #hera avec la clé ''.
[2024-09-30 13:27:26] Error  #hera : amin n'a pas ressuit a ce connecter (+i)
[2024-09-30 13:27:26] Échec de l'ajout du client amin au canal #hera.
[2024-09-30 13:27:52] Le client amin tente de rejoindre le canal #hera avec la clé ''.
[2024-09-30 13:27:52] #hera : amin a ressuit a ce connecter
[2024-09-30 13:27:52] Le chanel join :#hera avec sucess
[2024-09-30 13:27:52] Le client amin a rejoint le canal #hera.
[2024-09-30 13:27:52] Message JOIN diffusé sur le canal #hera.
[2024-09-30 13:27:52] Aucun sujet défini pour le canal #hera.
[2024-09-30 13:27:52] Liste des utilisateurs du canal #hera envoyée au client amin.
[2024-09-30 13:29:33] #hera : amin_1a envoier un message.
[2024-09-30 13:33:02] #hera : amina envoier un message.
[2024-09-30 13:33:12] Le client amin tente de rejoindre le canal #hera avec la clé ''.
[2024-09-30 13:33:12] Error  #hera : amin n'a pas ressuit a ce connecter (+i)
[2024-09-30 13:33:12] Échec de l'ajout du client amin au canal #hera.
[2024-09-30 13:34:31] #hera : amin_1a envoier un message.
[2024-09-30 13:34:59] Le client amin tente de rejoindre le canal #hera avec la clé 'amin'.
[2024-09-30 13:34:59] #hera : amin a ressuit a ce connecter
[2024-09-30 13:34:59] Le chanel join :#hera avec sucess
[2024-09-30 13:34:59] Le client amin a rejoint le canal #hera.
[2024-09-30 13:34:59] Message JOIN diffusé sur le canal #hera.
[2024-09-30 13:34:59] Sujet du canal #hera envoyé au client amin.
[2024-09-30 13:34:59] Liste des utilisateurs du canal #hera envoyée au client amin.
[2024-09-30 13:35:08] #hera : amina envoier un message.
[2024-09-30 13:35:16] Le client amin tente de rejoindre le canal #hera avec la clé 'amin'.
[2024-09-30 13:35:16] Error  #hera : amin n'a pas ressuit a ce connecter (+i)
[2024-09-30 13:35:16] Échec de l'ajout du client amin au canal #hera.
[2024-09-30 13:35:30] Le client amin tente de rejoindre le canal #hera avec la clé ''.
[2024-09-30 13:35:30] Error  #hera : amin n'a pas ressuit a ce connecter (+k)
[2024-09-30 13:35:30] Échec de l'ajout du client amin au canal #hera.
[2024-09-30 13:35:32] Le client amin tente de rejoindre le canal #hera avec la clé 'amin'.
[2024-09-30 13:35:32] #hera : amin a ressuit a ce connecter
[2024-09-30 13:35:32] Le chanel join :#hera avec sucess
[2024-09-30 13:35:32] Le client amin a rejoint le canal #hera.
[2024-09-30 13:35:32] Message JOIN diffusé sur le canal #hera.
[2024-09-30 13:35:32] Sujet du canal #hera envoyé au client amin.
[2024-09-30 13:35:32] Liste des utilisateurs du canal #hera envoyée au client amin.
[2024-09-30 13:35:53] #hera : amin_1a envoier un message.
[2024-09-30 13:35:53] #hera : amin_1a envoier un message.
[2024-09-30 14:45:06] Le client amin tente de rejoindre le canal #hera avec la clé ''.
[2024-09-30 14:45:06] Le canal #hera n'existe pas. Création du canal.
[2024-09-30 14:45:06]  Creation au canal #hera
[2024-09-30 14:45:06] #hera : amin a ressuit a ce connecter
[2024-09-30 14:45:06] Le chanel join :#hera avec sucess
[2024-09-30 14:45:06] Le client amin a rejoint le canal #hera.
[2024-09-30 14:45:06] Message JOIN diffusé sur le canal #hera.
[2024-09-30 14:45:06] Aucun sujet défini pour le canal #hera.
[2024-09-30 14:45:06] Liste des utilisateurs du canal #hera envoyée au client amin.
[2024-09-30 14:46:02] Le client noxe tente de rejoindre le canal #hera avec la clé ''.
[2024-09-30 14:46:02] #hera : noxe a ressuit a ce connecter
[2024-09-30 14:46:02] Le chanel join :#hera avec sucess
[2024-09-30 14:46:02] Le client noxe a rejoint le canal #hera.
[2024-09-30 14:46:02] Message JOIN diffusé sur le canal #hera.
[2024-09-30 14:46:02] Aucun sujet défini pour le canal #hera.
[2024-09-30 14:46:02] Liste des utilisateurs du canal #hera envoyée au client noxe.
[2024-09-30 14:46:34] #hera : noxea envoier un message.
[2024-09-30 15:29:04] Le client amin tente de rejoindre le canal #hera avec la clé ''.
[2024-09-30 15:29:04] Le canal #hera n'existe pas. Création du canal.
[2024-09-30 15:29:04]  Creation au canal #hera
[2024-09-30 15:29:04] #hera : amin a ressuit a ce connecter
[2024-09-30 15:29:04] Le chanel join :#hera avec sucess
[2024-09-30 15:29:04] Le client amin a rejoint le canal #hera.
[2024-09-30 15:29:04] Message JOIN diffusé sur le canal #hera.
[2024-09-30 15:29:04] Aucun sujet défini pour le canal #hera.
[2024-09-30 15:29:04] Liste des utilisateurs du canal #hera envoyée au client amin.
[2024-09-30 15:29:46] #hera : amina envoier un message.
[2024-09-30 15:30:13] Le client noxe tente de rejoindre le canal #hera avec la clé ''.
[2024-09-30 15:30:13] #hera : noxe a ressuit a ce connecter
[2024-09-30 15:30:13] Le chanel join :#hera avec sucess
[2024-09-30 15:30:13] Le client noxe a rejoint le canal #hera.
[2024-09-30 15:30:13] Message JOIN diffusé sur le canal #hera.
[2024-09-30 15:30:13] Sujet du canal #hera envoyé au client noxe.
[2024-09-30 15:30:13] Liste des utilisateurs du canal #hera envoyée au client noxe.
[2024-09-30 16:05:12] #hera : amina envoier un message.
[2024-09-30 16:05:17] #hera : noxea envoier un message.
[2024-09-30 19:12:44] Le client noxe tente de rejoindre le canal #amin avec la clé ''.
[2024-09-30 19:12:44] Le canal #amin n'existe pas. Création du canal.
[2024-09-30 19:12:44]  Creation au canal #amin
[2024-09-30 19:12:44] #amin : noxe a ressuit a ce connecter
[2024-09-30 19:12:44] Le chanel join :#amin avec sucess
[2024-09-30 19:12:44] Le client noxe a rejoint le canal #amin.
[2024-09-30 19:12:44] Message JOIN diffusé sur le canal #amin.
[2024-09-30 19:12:44] Aucun sujet défini pour le canal #amin.
[2024-09-30 19:12:44] Liste des utilisateurs du canal #amin envoyée au client noxe.
[2024-09-30 19:13:24] #amin : noxea envoier un message.
[2024-09-30 19:18:01] Le client amin tente de rejoindre le canal #hera avec la clé ''.
[2024-09-30 19:18:01] Le canal #hera n'existe pas. Création du canal.
[2024-09-30 19:18:01]  Creation au canal #hera
[2024-09-30 19:18:01] #hera : amin a ressuit a ce connecter
[2024-09-30 19:18:01] Le chanel join :#hera avec sucess
[2024-09-30 19:18:01] Le client amin a rejoint le canal #hera.
[2024-09-30 19:18:01] Message JOIN diffusé sur le canal #hera.
[2024-09-30 19:18:01] Aucun sujet défini pour le canal #hera.
[2024-09-30 19:18:01] Liste des utilisateurs du canal #hera envoyée au client amin.
[2024-09-30 19:18:08] Le client moha tente de rejoindre le canal #hera avec la clé ''.
[2024-09-30 19:18:08] #hera : moha a ressuit a ce connecter
[2024-09-30 19:18:08] Le chanel join :#hera avec sucess
[2024-09-30 19:18:08] Le client moha a rejoint le canal #hera.
[2024-09-30 19:18:08] Message JOIN diffusé sur le canal #hera.
[2024-09-30 19:18:08] Aucun sujet défini pour le canal #hera.
[2024-09-30 19:18:08] Liste des utilisateurs du canal #hera envoyée au client moha.
[2024-09-30 19:18:38] Le client  tente de rejoindre le canal #hera avec la clé ''.
[2024-09-30 19:18:38] #hera :  a ressuit a ce connecter
[2024-09-30 19:18:38] Le chanel join :#hera avec sucess
[2024-09-30 19:18:38] Le client  a rejoint le canal #hera.
[2024-09-30 19:18:38] Message JOIN diffusé sur le canal #hera.
[2024-09-30 19:18:38] Aucun sujet défini pour le canal #hera.
[2024-09-30 19:18:38] Liste des utilisateurs du canal #hera envoyée au client .
[2024-09-30 19:20:03] #hera : mohaa envoier un message.
[2024-09-30 19:20:21] Le client moha_1 tente de rejoindre le canal #hera avec la clé ''.
[2024-09-30 19:20:21] #hera : moha_1 a ressuit a ce connecter
[2024-09-30 19:20:21] Le chanel join :#hera avec sucess
[2024-09-30 19:20:21] Le client moha_1 a rejoint le canal #hera.
[2024-09-30 19:20:21] Message JOIN diffusé sur le canal #hera.
[2024-09-30 19:20:21] Aucun sujet défini pour le canal #hera.
[2024-09-30 19:20:21] Liste des utilisateurs du canal #hera envoyée au client moha_1.
[2024-09-30 19:20:46] #hera : amina envoier un message.
[2024-09-30 19:20:56] #hera : moha_1a envoier un message.
[2024-09-30 19:21:00] Le client moha_1 tente de rejoindre le canal #hera avec la clé ''.
[2024-09-30 19:21:00] Error  #hera : moha_1 n'a pas ressuit a ce connecter (+i)
[2024-09-30 19:21:00] Échec de l'ajout du client moha_1 au canal #hera.
[2024-09-30 19:21:28] Le client moha_1 tente de rejoindre le canal #hera avec la clé ''.
[2024-09-30 19:21:28] #hera : moha_1 a ressuit a ce connecter
[2024-09-30 19:21:28] Le chanel join :#hera avec sucess
[2024-09-30 19:21:28] Le client moha_1 a rejoint le canal #hera.
[2024-09-30 19:21:28] Message JOIN diffusé sur le canal #hera.
[2024-09-30 19:21:28] Aucun sujet défini pour le canal #hera.
[2024-09-30 19:21:28] Liste des utilisateurs du canal #hera envoyée au client moha_1.
[2024-09-30 19:23:53] #hera : amina envoier un message.
[2024-09-30 19:24:06] #hera : moha_1a envoier un message.
